<?xml version="1.0" encoding="UTF-8"?>
<testng-results ignored="0" total="1" passed="1" failed="0" skipped="0">
  <reporter-output>
  </reporter-output>
  <suite started-at="2024-06-18T16:16:08 BRT" name="Default suite" finished-at="2024-06-18T16:16:19 BRT" duration-ms="11763">
    <groups>
    </groups>
    <test started-at="2024-06-18T16:16:08 BRT" name="Default test" finished-at="2024-06-18T16:16:19 BRT" duration-ms="11763">
      <class name="testng.tests.AddItemToCart">
        <test-method is-config="true" signature="setup()[pri:0, instance:testng.tests.AddItemToCart@36902638]" started-at="2024-06-18T16:16:08 BRT" name="setup" finished-at="2024-06-18T16:16:18 BRT" duration-ms="10375" status="PASS">
          <reporter-output>
          </reporter-output>
        </test-method> <!-- setup -->
        <test-method signature="test()[pri:0, instance:testng.tests.AddItemToCart@36902638]" started-at="2024-06-18T16:16:18 BRT" name="test" finished-at="2024-06-18T16:16:18 BRT" duration-ms="14" status="PASS">
          <reporter-output>
          </reporter-output>
        </test-method> <!-- test -->
        <test-method is-config="true" signature="teardown()[pri:0, instance:testng.tests.AddItemToCart@36902638]" started-at="2024-06-18T16:16:18 BRT" name="teardown" finished-at="2024-06-18T16:16:19 BRT" duration-ms="1330" status="PASS">
          <reporter-output>
          </reporter-output>
        </test-method> <!-- teardown -->
      </class> <!-- testng.tests.AddItemToCart -->
    </test> <!-- Default test -->
  </suite> <!-- Default suite -->
</testng-results>
